<?xml version="1.0" encoding="UTF-8"?>
<testsuite name="Databases.CustomerDTBTest" tests="4" skipped="0" failures="0" errors="0" timestamp="2021-05-19T06:45:42" hostname="DESKTOP-2J4QSVO" time="0.003">
  <properties/>
  <testcase name="getCurrentCustomer()" classname="Databases.CustomerDTBTest" time="0.0"/>
  <testcase name="getCustomer()" classname="Databases.CustomerDTBTest" time="0.001"/>
  <testcase name="setCurrentCustomer()" classname="Databases.CustomerDTBTest" time="0.0"/>
  <testcase name="add()" classname="Databases.CustomerDTBTest" time="0.0"/>
  <system-out><![CDATA[]]></system-out>
  <system-err><![CDATA[]]></system-err>
</testsuite>
