<?xml version="1.0" encoding="UTF-8"?>
<testsuite name="Components.ProviderTest" tests="8" skipped="0" failures="0" errors="0" timestamp="2021-05-19T06:45:42" hostname="DESKTOP-2J4QSVO" time="0.006">
  <properties/>
  <testcase name="addGame()" classname="Components.ProviderTest" time="0.001"/>
  <testcase name="contains()" classname="Components.ProviderTest" time="0.0"/>
  <testcase name="getGame()" classname="Components.ProviderTest" time="0.0"/>
  <testcase name="getName()" classname="Components.ProviderTest" time="0.001"/>
  <testcase name="removeGame()" classname="Components.ProviderTest" time="0.001"/>
  <testcase name="setGames()" classname="Components.ProviderTest" time="0.001"/>
  <testcase name="getGames()" classname="Components.ProviderTest" time="0.0"/>
  <testcase name="setName()" classname="Components.ProviderTest" time="0.001"/>
  <system-out><![CDATA[]]></system-out>
  <system-err><![CDATA[]]></system-err>
</testsuite>
